This file contains any messages produced by compilers while
running configure, to aid debugging if configure makes a mistake.

It was created by configure, which was
generated by GNU Autoconf 2.63.  Invocation command line was

  $ ./configure --with-php-config=/usr/local/php-7.2.0/bin/php-config

## --------- ##
## Platform. ##
## --------- ##

hostname = vm81199
uname -m = x86_64
uname -r = 2.6.32-431.el6.x86_64
uname -s = Linux
uname -v = #1 SMP Fri Nov 22 03:15:09 UTC 2013

/usr/bin/uname -p = unknown
/bin/uname -X     = unknown

/bin/arch              = x86_64
/usr/bin/arch -k       = unknown
/usr/convex/getsysinfo = unknown
/usr/bin/hostinfo      = unknown
/bin/machine           = unknown
/usr/bin/oslevel       = unknown
/bin/universe          = unknown

PATH: /data/jdk1.7.0_80/bin
PATH: /usr/local/mysql/bin
PATH: /usr/local/sbin
PATH: /usr/local/bin
PATH: /sbin
PATH: /bin
PATH: /usr/sbin
PATH: /usr/bin
PATH: /usr/local/scala/bin
PATH: /root/bin


## ----------- ##
## Core tests. ##
## ----------- ##

configure:1983: checking for grep that handles long lines and -e
configure:2043: result: /bin/grep
configure:2048: checking for egrep
configure:2112: result: /bin/grep -E
configure:2117: checking for a sed that does not truncate output
configure:2171: result: /bin/sed
configure:2308: checking for cc
configure:2324: found /usr/bin/cc
configure:2335: result: cc
configure:2369: checking for C compiler version
configure:2377: cc --version >&5
cc (GCC) 4.4.7 20120313 (Red Hat 4.4.7-18)
Copyright (C) 2010 Free Software Foundation, Inc.
This is free software; see the source for copying conditions.  There is NO
warranty; not even for MERCHANTABILITY or FITNESS FOR A PARTICULAR PURPOSE.

configure:2381: $? = 0
configure:2388: cc -v >&5
Using built-in specs.
Target: x86_64-redhat-linux
Configured with: ../configure --prefix=/usr --mandir=/usr/share/man --infodir=/usr/share/info --with-bugurl=http://bugzilla.redhat.com/bugzilla --enable-bootstrap --enable-shared --enable-threads=posix --enable-checking=release --with-system-zlib --enable-__cxa_atexit --disable-libunwind-exceptions --enable-gnu-unique-object --enable-languages=c,c++,objc,obj-c++,java,fortran,ada --enable-java-awt=gtk --disable-dssi --with-java-home=/usr/lib/jvm/java-1.5.0-gcj-1.5.0.0/jre --enable-libgcj-multifile --enable-java-maintainer-mode --with-ecj-jar=/usr/share/java/eclipse-ecj.jar --disable-libjava-multilib --with-ppl --with-cloog --with-tune=generic --with-arch_32=i686 --build=x86_64-redhat-linux
Thread model: posix
gcc version 4.4.7 20120313 (Red Hat 4.4.7-18) (GCC) 
configure:2392: $? = 0
configure:2399: cc -V >&5
cc: '-V' option must have argument
configure:2403: $? = 1
configure:2426: checking for C compiler default output file name
configure:2448: cc    conftest.c  >&5
configure:2452: $? = 0
configure:2490: result: a.out
configure:2509: checking whether the C compiler works
configure:2519: ./a.out
configure:2523: $? = 0
configure:2542: result: yes
configure:2549: checking whether we are cross compiling
configure:2551: result: no
configure:2554: checking for suffix of executables
configure:2561: cc -o conftest    conftest.c  >&5
configure:2565: $? = 0
configure:2591: result: 
configure:2597: checking for suffix of object files
configure:2623: cc -c   conftest.c >&5
configure:2627: $? = 0
configure:2652: result: o
configure:2656: checking whether we are using the GNU C compiler
configure:2685: cc -c   conftest.c >&5
configure:2692: $? = 0
configure:2709: result: yes
configure:2718: checking whether cc accepts -g
configure:2748: cc -c -g  conftest.c >&5
configure:2755: $? = 0
configure:2856: result: yes
configure:2873: checking for cc option to accept ISO C89
configure:2947: cc  -c -g -O2  conftest.c >&5
configure:2954: $? = 0
configure:2977: result: none needed
configure:3001: checking how to run the C preprocessor
configure:3041: cc -E  conftest.c
configure:3048: $? = 0
configure:3079: cc -E  conftest.c
conftest.c:8:28: error: ac_nonexistent.h: No such file or directory
configure:3086: $? = 1
configure: failed program was:
| /* confdefs.h.  */
| #define PACKAGE_NAME ""
| #define PACKAGE_TARNAME ""
| #define PACKAGE_VERSION ""
| #define PACKAGE_STRING ""
| #define PACKAGE_BUGREPORT ""
| /* end confdefs.h.  */
| #include <ac_nonexistent.h>
configure:3119: result: cc -E
configure:3148: cc -E  conftest.c
configure:3155: $? = 0
configure:3186: cc -E  conftest.c
conftest.c:8:28: error: ac_nonexistent.h: No such file or directory
configure:3193: $? = 1
configure: failed program was:
| /* confdefs.h.  */
| #define PACKAGE_NAME ""
| #define PACKAGE_TARNAME ""
| #define PACKAGE_VERSION ""
| #define PACKAGE_STRING ""
| #define PACKAGE_BUGREPORT ""
| /* end confdefs.h.  */
| #include <ac_nonexistent.h>
configure:3235: checking for icc
configure:3248: result: no
configure:3262: checking for suncc
configure:3275: result: no
configure:3293: checking whether cc understands -c and -o together
configure:3325: cc -c conftest.c -o conftest2.o >&5
configure:3329: $? = 0
configure:3335: cc -c conftest.c -o conftest2.o >&5
configure:3339: $? = 0
configure:3394: result: yes
configure:3410: checking for system library directory
configure:3425: result: lib
configure:3432: checking if compiler supports -R
configure:3461: cc -o conftest -g -O2   conftest.c -R /usr/lib  >&5
cc: unrecognized option '-R'
/usr/lib: file not recognized: Is a directory
collect2: ld returned 1 exit status
configure:3468: $? = 1
configure: failed program was:
| /* confdefs.h.  */
| #define PACKAGE_NAME ""
| #define PACKAGE_TARNAME ""
| #define PACKAGE_VERSION ""
| #define PACKAGE_STRING ""
| #define PACKAGE_BUGREPORT ""
| /* end confdefs.h.  */
| 
| int
| main ()
| {
| 
|   ;
|   return 0;
| }
configure:3490: result: no
configure:3495: checking if compiler supports -Wl,-rpath,
configure:3524: cc -o conftest -g -O2   conftest.c -Wl,-rpath,/usr/lib  >&5
configure:3531: $? = 0
configure:3553: result: yes
configure:3602: checking build system type
configure:3620: result: x86_64-unknown-linux-gnu
configure:3642: checking host system type
configure:3657: result: x86_64-unknown-linux-gnu
configure:3679: checking target system type
configure:3694: result: x86_64-unknown-linux-gnu
configure:3803: checking for PHP prefix
configure:3805: result: /usr/local/php-7.2.0
configure:3807: checking for PHP includes
configure:3809: result: -I/usr/local/php-7.2.0/include/php -I/usr/local/php-7.2.0/include/php/main -I/usr/local/php-7.2.0/include/php/TSRM -I/usr/local/php-7.2.0/include/php/Zend -I/usr/local/php-7.2.0/include/php/ext -I/usr/local/php-7.2.0/include/php/ext/date/lib
configure:3811: checking for PHP extension directory
configure:3813: result: /usr/local/php-7.2.0/lib/php/extensions/no-debug-non-zts-20170718
configure:3815: checking for PHP installed headers prefix
configure:3817: result: /usr/local/php-7.2.0/include/php
configure:3820: checking if debug is enabled
configure:3850: result: no
configure:3853: checking if zts is enabled
configure:3883: result: no
configure:3954: checking for re2c
configure:3984: result: no
configure:4009: WARNING: You will need re2c 0.13.4 or later if you want to regenerate PHP parsers.
configure:4023: checking for gawk
configure:4040: found /bin/gawk
configure:4051: result: gawk
configure:4098: checking whether to enable excel_writer support
configure:4137: result: yes, shared
configure:4148: checking Check libxlsxwriter support
configure:4153: checking Check libxlsxwriter library
configure:4284: checking for worksheet_write_string in -lxlsxwriter
configure:4319: cc -o conftest -g -O2  -Wl,-rpath,/usr/local/lib -L/usr/local/lib  -lm conftest.c -lxlsxwriter   >&5
configure:4326: $? = 0
configure:4347: result: yes
configure:4845: checking for ld used by cc
configure:4912: result: /usr/bin/ld
configure:4921: checking if the linker (/usr/bin/ld) is GNU ld
configure:4936: result: yes
configure:4941: checking for /usr/bin/ld option to reload object files
configure:4948: result: -r
configure:4966: checking for BSD-compatible nm
configure:5015: result: /usr/bin/nm -B
configure:5019: checking whether ln -s works
configure:5023: result: yes
configure:5030: checking how to recognize dependent libraries
configure:5216: result: pass_all
configure:5301: cc -c -g -O2  conftest.c >&5
configure:5304: $? = 0
configure:5463: checking for ANSI C header files
configure:5493: cc -c -g -O2  conftest.c >&5
configure:5500: $? = 0
configure:5599: cc -o conftest -g -O2   conftest.c  >&5
configure:5603: $? = 0
configure:5609: ./conftest
configure:5613: $? = 0
configure:5631: result: yes
configure:5655: checking for sys/types.h
configure:5676: cc -c -g -O2  conftest.c >&5
configure:5683: $? = 0
configure:5700: result: yes
configure:5655: checking for sys/stat.h
configure:5676: cc -c -g -O2  conftest.c >&5
configure:5683: $? = 0
configure:5700: result: yes
configure:5655: checking for stdlib.h
configure:5676: cc -c -g -O2  conftest.c >&5
configure:5683: $? = 0
configure:5700: result: yes
configure:5655: checking for string.h
configure:5676: cc -c -g -O2  conftest.c >&5
configure:5683: $? = 0
configure:5700: result: yes
configure:5655: checking for memory.h
configure:5676: cc -c -g -O2  conftest.c >&5
configure:5683: $? = 0
configure:5700: result: yes
configure:5655: checking for strings.h
configure:5676: cc -c -g -O2  conftest.c >&5
configure:5683: $? = 0
configure:5700: result: yes
configure:5655: checking for inttypes.h
configure:5676: cc -c -g -O2  conftest.c >&5
configure:5683: $? = 0
configure:5700: result: yes
configure:5655: checking for stdint.h
configure:5676: cc -c -g -O2  conftest.c >&5
configure:5683: $? = 0
configure:5700: result: yes
configure:5655: checking for unistd.h
configure:5676: cc -c -g -O2  conftest.c >&5
configure:5683: $? = 0
configure:5700: result: yes
configure:5730: checking dlfcn.h usability
configure:5747: cc -c -g -O2  conftest.c >&5
configure:5754: $? = 0
configure:5768: result: yes
configure:5772: checking dlfcn.h presence
configure:5787: cc -E  conftest.c
configure:5794: $? = 0
configure:5808: result: yes
configure:5836: checking for dlfcn.h
configure:5845: result: yes
configure:5872: checking the maximum length of command line arguments
configure:5984: result: 1966080
configure:5996: checking command to parse /usr/bin/nm -B output from cc object
configure:6101: cc -c -g -O2  conftest.c >&5
configure:6104: $? = 0
configure:6108: /usr/bin/nm -B conftest.o \| sed -n -e 's/^.*[ 	]\([ABCDGIRSTW][ABCDGIRSTW]*\)[ 	][ 	]*\([_A-Za-z][_A-Za-z0-9]*\)$/\1 \2 \2/p' \> conftest.nm
configure:6111: $? = 0
configure:6163: cc -o conftest -g -O2   conftest.c conftstm.o >&5
configure:6166: $? = 0
configure:6204: result: ok
configure:6208: checking for objdir
configure:6223: result: .libs
configure:6315: checking for ar
configure:6331: found /usr/bin/ar
configure:6342: result: ar
configure:6407: checking for ranlib
configure:6423: found /usr/bin/ranlib
configure:6434: result: ranlib
configure:6499: checking for strip
configure:6515: found /usr/bin/strip
configure:6526: result: strip
configure:7095: checking if cc supports -fno-rtti -fno-exceptions
configure:7113: cc -c -g -O2  -fno-rtti -fno-exceptions conftest.c >&5
cc1: warning: command line option "-fno-rtti" is valid for C++/ObjC++ but not for C
configure:7117: $? = 0
configure:7130: result: no
configure:7145: checking for cc option to produce PIC
configure:7385: result: -fPIC
configure:7393: checking if cc PIC flag -fPIC works
configure:7411: cc -c -g -O2  -fPIC -DPIC conftest.c >&5
configure:7415: $? = 0
configure:7428: result: yes
configure:7456: checking if cc static flag -static works
configure:7484: result: no
configure:7494: checking if cc supports -c -o file.o
configure:7515: cc -c -g -O2  -o out/conftest2.o conftest.c >&5
configure:7519: $? = 0
configure:7541: result: yes
configure:7567: checking whether the cc linker (/usr/bin/ld -m elf_x86_64) supports shared libraries
configure:8495: result: yes
configure:8516: checking whether -lc should be explicitly linked in
configure:8521: cc -c -g -O2  conftest.c >&5
configure:8524: $? = 0
configure:8539: cc -shared conftest.o  -v -Wl,-soname -Wl,conftest -o conftest 2\>\&1 \| grep  -lc  \>/dev/null 2\>\&1
configure:8542: $? = 0
configure:8554: result: no
configure:8562: checking dynamic linker characteristics
configure:9160: result: GNU/Linux ld.so
configure:9184: checking how to hardcode library paths into programs
configure:9209: result: immediate
configure:9223: checking whether stripping libraries is possible
configure:9228: result: yes
configure:10058: checking if libtool supports shared libraries
configure:10060: result: yes
configure:10063: checking whether to build shared libraries
configure:10084: result: yes
configure:10087: checking whether to build static libraries
configure:10091: result: no
configure:10186: result:
creating libtool
configure:13883: creating ./config.status

## ---------------------- ##
## Running config.status. ##
## ---------------------- ##

This file was extended by config.status, which was
generated by GNU Autoconf 2.63.  Invocation command line was

  CONFIG_FILES    = 
  CONFIG_HEADERS  = 
  CONFIG_LINKS    = 
  CONFIG_COMMANDS = 
  $ ./config.status 

on vm81199

config.status:606: creating config.h

## ---------------- ##
## Cache variables. ##
## ---------------- ##

ac_cv_build=x86_64-unknown-linux-gnu
ac_cv_c_compiler_gnu=yes
ac_cv_env_CC_set=
ac_cv_env_CC_value=
ac_cv_env_CFLAGS_set=
ac_cv_env_CFLAGS_value=
ac_cv_env_CPPFLAGS_set=
ac_cv_env_CPPFLAGS_value=
ac_cv_env_CPP_set=
ac_cv_env_CPP_value=
ac_cv_env_LDFLAGS_set=
ac_cv_env_LDFLAGS_value=
ac_cv_env_LIBS_set=
ac_cv_env_LIBS_value=
ac_cv_env_build_alias_set=
ac_cv_env_build_alias_value=
ac_cv_env_host_alias_set=
ac_cv_env_host_alias_value=
ac_cv_env_target_alias_set=
ac_cv_env_target_alias_value=
ac_cv_header_dlfcn_h=yes
ac_cv_header_inttypes_h=yes
ac_cv_header_memory_h=yes
ac_cv_header_stdc=yes
ac_cv_header_stdint_h=yes
ac_cv_header_stdlib_h=yes
ac_cv_header_string_h=yes
ac_cv_header_strings_h=yes
ac_cv_header_sys_stat_h=yes
ac_cv_header_sys_types_h=yes
ac_cv_header_unistd_h=yes
ac_cv_host=x86_64-unknown-linux-gnu
ac_cv_lib_xlsxwriter_worksheet_write_string=yes
ac_cv_objext=o
ac_cv_path_EGREP='/bin/grep -E'
ac_cv_path_GREP=/bin/grep
ac_cv_prog_AWK=gawk
ac_cv_prog_CPP='cc -E'
ac_cv_prog_ac_ct_AR=ar
ac_cv_prog_ac_ct_CC=cc
ac_cv_prog_ac_ct_RANLIB=ranlib
ac_cv_prog_ac_ct_STRIP=strip
ac_cv_prog_cc_c89=
ac_cv_prog_cc_cc_c_o=yes
ac_cv_prog_cc_g=yes
ac_cv_target=x86_64-unknown-linux-gnu
lt_cv_deplibs_check_method=pass_all
lt_cv_file_magic_cmd='$MAGIC_CMD'
lt_cv_file_magic_test_file=
lt_cv_ld_reload_flag=-r
lt_cv_objdir=.libs
lt_cv_path_LD=/usr/bin/ld
lt_cv_path_NM='/usr/bin/nm -B'
lt_cv_path_SED=/bin/sed
lt_cv_prog_compiler_c_o=yes
lt_cv_prog_compiler_pic_works=yes
lt_cv_prog_compiler_rtti_exceptions=no
lt_cv_prog_compiler_static_works=no
lt_cv_prog_gnu_ld=yes
lt_cv_sys_global_symbol_pipe='sed -n -e '\''s/^.*[ 	]\([ABCDGIRSTW][ABCDGIRSTW]*\)[ 	][ 	]*\([_A-Za-z][_A-Za-z0-9]*\)$/\1 \2 \2/p'\'''
lt_cv_sys_global_symbol_to_c_name_address='sed -n -e '\''s/^: \([^ ]*\) $/  {\"\1\", (lt_ptr) 0},/p'\'' -e '\''s/^[BCDEGRST] \([^ ]*\) \([^ ]*\)$/  {"\2", (lt_ptr) \&\2},/p'\'''
lt_cv_sys_global_symbol_to_cdecl='sed -n -e '\''s/^. .* \(.*\)$/extern int \1;/p'\'''
lt_cv_sys_lib_dlsearch_path_spec='/lib /usr/lib /usr/lib64/atlas /usr/lib64/mysql “/usr/local/ssl/lib” “/usr/local/ssl/lib” /usr/local/openssl/lib /soft/apr-util/lib /soft/apr-util-1.5.4/xml/expat/.libs '
lt_cv_sys_lib_search_path_spec='/usr/lib/gcc/x86_64-redhat-linux/4.4.7 /usr/lib64 /lib64'
lt_cv_sys_max_cmd_len=1966080
lt_lt_cv_prog_compiler_c_o='"yes"'
lt_lt_cv_sys_global_symbol_pipe='"sed -n -e '\''s/^.*[ 	]\\([ABCDGIRSTW][ABCDGIRSTW]*\\)[ 	][ 	]*\\([_A-Za-z][_A-Za-z0-9]*\\)\$/\\1 \\2 \\2/p'\''"'
lt_lt_cv_sys_global_symbol_to_c_name_address='"sed -n -e '\''s/^: \\([^ ]*\\) \$/  {\\\"\\1\\\", (lt_ptr) 0},/p'\'' -e '\''s/^[BCDEGRST] \\([^ ]*\\) \\([^ ]*\\)\$/  {\"\\2\", (lt_ptr) \\&\\2},/p'\''"'
lt_lt_cv_sys_global_symbol_to_cdecl='"sed -n -e '\''s/^. .* \\(.*\\)\$/extern int \\1;/p'\''"'
php_cv_cc_dashr=no
php_cv_cc_rpath=yes

## ----------------- ##
## Output variables. ##
## ----------------- ##

AR='ar'
AWK='gawk'
CC='cc'
CFLAGS='-g -O2'
CONFIGURE_COMMAND=' '\''./configure'\''  '\''--with-php-config=/usr/local/php-7.2.0/bin/php-config'\'''
CONFIGURE_OPTIONS=' '\''--with-php-config=/usr/local/php-7.2.0/bin/php-config'\'''
CPP='cc -E'
CPPFLAGS=' -DHAVE_CONFIG_H'
DEFS='-DHAVE_CONFIG_H'
DSYMUTIL=''
ECHO='echo'
ECHO_C=''
ECHO_N='-n'
ECHO_T=''
EGREP='/bin/grep -E'
EXEEXT=''
GREP='/bin/grep'
LDFLAGS=''
LIBOBJS=''
LIBS=''
LIBTOOL='$(SHELL) $(top_builddir)/libtool'
LN_S='ln -s'
LTLIBOBJS=''
NMEDIT=''
OBJEXT='o'
PACKAGE_BUGREPORT=''
PACKAGE_NAME=''
PACKAGE_STRING=''
PACKAGE_TARNAME=''
PACKAGE_VERSION=''
PATH_SEPARATOR=':'
RANLIB='ranlib'
RE2C='exit 0;'
SED='/bin/sed'
SHELL='/bin/sh'
SHLIB_DL_SUFFIX_NAME='so'
SHLIB_SUFFIX_NAME='so'
STRIP='strip'
ac_ct_CC='cc'
bindir='${exec_prefix}/bin'
build='x86_64-unknown-linux-gnu'
build_alias=''
build_cpu='x86_64'
build_os='linux-gnu'
build_vendor='unknown'
datadir='${datarootdir}'
datarootdir='${prefix}/share'
docdir='${datarootdir}/doc/${PACKAGE}'
dvidir='${docdir}'
exec_prefix='$(prefix)'
host='x86_64-unknown-linux-gnu'
host_alias='x86_64-unknown-linux-gnu'
host_cpu='x86_64'
host_os='linux-gnu'
host_vendor='unknown'
htmldir='${docdir}'
includedir='${prefix}/include'
infodir='${datarootdir}/info'
libdir='${exec_prefix}/lib'
libexecdir='${exec_prefix}/libexec'
localedir='${datarootdir}/locale'
localstatedir='${prefix}/var'
mandir='${datarootdir}/man'
oldincludedir='/usr/include'
pdfdir='${docdir}'
prefix='/usr/local/php-7.2.0'
program_transform_name='s,x,x,'
psdir='${docdir}'
sbindir='${exec_prefix}/sbin'
sharedstatedir='${prefix}/com'
sysconfdir='${prefix}/etc'
target='x86_64-unknown-linux-gnu'
target_alias=''
target_cpu='x86_64'
target_os='linux-gnu'
target_vendor='unknown'

## ----------- ##
## confdefs.h. ##
## ----------- ##

#define PACKAGE_NAME ""
#define PACKAGE_TARNAME ""
#define PACKAGE_VERSION ""
#define PACKAGE_STRING ""
#define PACKAGE_BUGREPORT ""
#define COMPILE_DL_EXCEL_WRITER 1
#define STDC_HEADERS 1
#define HAVE_SYS_TYPES_H 1
#define HAVE_SYS_STAT_H 1
#define HAVE_STDLIB_H 1
#define HAVE_STRING_H 1
#define HAVE_MEMORY_H 1
#define HAVE_STRINGS_H 1
#define HAVE_INTTYPES_H 1
#define HAVE_STDINT_H 1
#define HAVE_UNISTD_H 1
#define HAVE_DLFCN_H 1

configure: exit 0
